----------------------------------------------------------------
Thu Oct 22 17:10:23 NPT 2020:
Booting Derby version The Apache Software Foundation - Apache Derby - 10.14.2.0 - (1828579): instance a816c00e-0175-500e-69a6-000002426040 
on database directory memory:C:\Users\Shah Jr\OneDrive\Current\RestroAPI\1880f197-a86f-4cf6-82e9-82111ee9f0a0 with class loader jdk.internal.loader.ClassLoaders$AppClassLoader@2626b418 
Loaded from file:/C:/Users/Shah%20Jr/.m2/repository/org/apache/derby/derby/10.14.2.0/derby-10.14.2.0.jar
java.vendor=Oracle Corporation
java.runtime.version=13.0.2+8
user.dir=C:\Users\Shah Jr\OneDrive\Current\RestroAPI
os.name=Windows 10
os.arch=amd64
os.version=10.0
derby.system.home=null
Database Class Loader started - derby.database.classpath=''
----------------------------------------------------------------
Thu Oct 22 17:16:57 NPT 2020:
Shutting down instance a816c00e-0175-500e-69a6-000002426040 on database directory memory:C:\Users\Shah Jr\OneDrive\Current\RestroAPI\1880f197-a86f-4cf6-82e9-82111ee9f0a0 with class loader jdk.internal.loader.ClassLoaders$AppClassLoader@2626b418 
----------------------------------------------------------------
Thu Oct 22 17:16:58 NPT 2020:
Booting Derby version The Apache Software Foundation - Apache Derby - 10.14.2.0 - (1828579): instance 176240b2-0175-500e-69a6-000002426040 
on database directory memory:C:\Users\Shah Jr\OneDrive\Current\RestroAPI\4a73dd97-8bd2-4058-b3fc-d88c7b3ef280 with class loader jdk.internal.loader.ClassLoaders$AppClassLoader@2626b418 
Loaded from file:/C:/Users/Shah%20Jr/.m2/repository/org/apache/derby/derby/10.14.2.0/derby-10.14.2.0.jar
java.vendor=Oracle Corporation
java.runtime.version=13.0.2+8
user.dir=C:\Users\Shah Jr\OneDrive\Current\RestroAPI
os.name=Windows 10
os.arch=amd64
os.version=10.0
derby.system.home=null
Database Class Loader started - derby.database.classpath=''
